{
  "stats": {
    "suites": 1,
    "tests": 1,
    "passes": 1,
    "pending": 0,
    "failures": 0,
    "start": "2025-03-17T07:36:54.961Z",
    "end": "2025-03-17T07:37:06.339Z",
    "duration": 11378,
    "testsRegistered": 1,
    "passPercent": 100,
    "pendingPercent": 0,
    "other": 0,
    "hasOther": false,
    "skipped": 0,
    "hasSkipped": false
  },
  "results": [
    {
      "uuid": "e3693e57-51d1-4118-9df1-edaeeb7bdc54",
      "title": "",
      "fullFile": "cypress\\e2e\\tc03_home.cy.js",
      "file": "cypress\\e2e\\tc03_home.cy.js",
      "beforeHooks": [],
      "afterHooks": [],
      "tests": [],
      "suites": [
        {
          "uuid": "f012e6b0-be51-42a7-8320-14d5b5f109d1",
          "title": "Home Module Test",
          "fullFile": "",
          "file": "",
          "beforeHooks": [],
          "afterHooks": [],
          "tests": [
            {
              "title": "Verify HomePage Load Successfully",
              "fullTitle": "Home Module Test Verify HomePage Load Successfully",
              "timedOut": null,
              "duration": 6259,
              "state": "passed",
              "speed": "medium",
              "pass": true,
              "fail": false,
              "pending": false,
              "context": null,
              "code": "cy.title().should(\"include\", \"STORE\");\n_HomePage.default.verifyNavigationLinks();",
              "err": {},
              "uuid": "23dac350-9998-4015-b5e1-6abf00fc58be",
              "parentUUID": "f012e6b0-be51-42a7-8320-14d5b5f109d1",
              "isHook": false,
              "skipped": false
            }
          ],
          "suites": [],
          "passes": [
            "23dac350-9998-4015-b5e1-6abf00fc58be"
          ],
          "failures": [],
          "pending": [],
          "skipped": [],
          "duration": 6259,
          "root": false,
          "rootEmpty": false,
          "_timeout": 2000
        }
      ],
      "passes": [],
      "failures": [],
      "pending": [],
      "skipped": [],
      "duration": 0,
      "root": true,
      "rootEmpty": true,
      "_timeout": 2000
    }
  ],
  "meta": {
    "mocha": {
      "version": "7.0.1"
    },
    "mochawesome": {
      "options": {
        "quiet": true,
        "reportFilename": "mochawesome",
        "saveHtml": false,
        "saveJson": true,
        "consoleReporter": "spec",
        "useInlineDiffs": false,
        "code": true
      },
      "version": "7.1.3"
    },
    "marge": {
      "options": {
        "id": "default",
        "reportDir": "cypress/reports/mocha",
        "quiet": true,
        "overwrite": false,
        "html": false,
        "json": true
      },
      "version": "6.2.0"
    }
  }
}