{
  "stats": {
    "suites": 1,
    "tests": 1,
    "passes": 1,
    "pending": 0,
    "failures": 0,
    "start": "2025-03-17T07:36:02.673Z",
    "end": "2025-03-17T07:36:17.136Z",
    "duration": 14463,
    "testsRegistered": 1,
    "passPercent": 100,
    "pendingPercent": 0,
    "other": 0,
    "hasOther": false,
    "skipped": 0,
    "hasSkipped": false
  },
  "results": [
    {
      "uuid": "2d67b0cc-e59f-471c-83bb-aea5208c7439",
      "title": "",
      "fullFile": "cypress\\e2e\\tc01_signup.cy.js",
      "file": "cypress\\e2e\\tc01_signup.cy.js",
      "beforeHooks": [],
      "afterHooks": [],
      "tests": [],
      "suites": [
        {
          "uuid": "f39ee8b1-1204-4b97-9eed-4cc056e1f6fe",
          "title": "Signup Tests",
          "fullFile": "",
          "file": "",
          "beforeHooks": [],
          "afterHooks": [],
          "tests": [
            {
              "title": "Signup with Unique Username and password",
              "fullTitle": "Signup Tests Signup with Unique Username and password",
              "timedOut": null,
              "duration": 7726,
              "state": "passed",
              "speed": "medium",
              "pass": true,
              "fail": false,
              "pending": false,
              "context": null,
              "code": "const randomUsername = `testUser${Math.floor(Math.random() * 1000)}`;\n_SignupPage.default.signup(randomUsername, \"finsurge123\");\n_SignupPage.default.verifyAlertMessage(\"Sign up successful.\");",
              "err": {},
              "uuid": "562c937a-54f2-42db-b075-48400a91d374",
              "parentUUID": "f39ee8b1-1204-4b97-9eed-4cc056e1f6fe",
              "isHook": false,
              "skipped": false
            }
          ],
          "suites": [],
          "passes": [
            "562c937a-54f2-42db-b075-48400a91d374"
          ],
          "failures": [],
          "pending": [],
          "skipped": [],
          "duration": 7726,
          "root": false,
          "rootEmpty": false,
          "_timeout": 2000
        }
      ],
      "passes": [],
      "failures": [],
      "pending": [],
      "skipped": [],
      "duration": 0,
      "root": true,
      "rootEmpty": true,
      "_timeout": 2000
    }
  ],
  "meta": {
    "mocha": {
      "version": "7.0.1"
    },
    "mochawesome": {
      "options": {
        "quiet": true,
        "reportFilename": "mochawesome",
        "saveHtml": false,
        "saveJson": true,
        "consoleReporter": "spec",
        "useInlineDiffs": false,
        "code": true
      },
      "version": "7.1.3"
    },
    "marge": {
      "options": {
        "id": "default",
        "reportDir": "cypress/reports/mocha",
        "quiet": true,
        "overwrite": false,
        "html": false,
        "json": true
      },
      "version": "6.2.0"
    }
  }
}