{
  "stats": {
    "suites": 1,
    "tests": 1,
    "passes": 1,
    "pending": 0,
    "failures": 0,
    "start": "2025-03-17T07:36:23.862Z",
    "end": "2025-03-17T07:36:47.360Z",
    "duration": 23498,
    "testsRegistered": 1,
    "passPercent": 100,
    "pendingPercent": 0,
    "other": 0,
    "hasOther": false,
    "skipped": 0,
    "hasSkipped": false
  },
  "results": [
    {
      "uuid": "b6e2e746-33d4-4642-8448-ba9f93fb389f",
      "title": "",
      "fullFile": "cypress\\e2e\\tc02_login.cy.js",
      "file": "cypress\\e2e\\tc02_login.cy.js",
      "beforeHooks": [],
      "afterHooks": [],
      "tests": [],
      "suites": [
        {
          "uuid": "e998c7e9-a101-4ffd-a2da-581df3f345f9",
          "title": "Login Tests",
          "fullFile": "",
          "file": "",
          "beforeHooks": [],
          "afterHooks": [],
          "tests": [
            {
              "title": "Login with valid username and password",
              "fullTitle": "Login Tests Login with valid username and password",
              "timedOut": null,
              "duration": 18136,
              "state": "passed",
              "speed": "slow",
              "pass": true,
              "fail": false,
              "pending": false,
              "context": null,
              "code": "_LoginPage.default.login(\"finsurge1\", \"finsurge123\");\ncy.get(\"#logout2\").should(\"be.visible\", {\n  timeout: 5000\n});",
              "err": {},
              "uuid": "8da7a9dc-9299-46ed-9ecf-1a036a9f24b4",
              "parentUUID": "e998c7e9-a101-4ffd-a2da-581df3f345f9",
              "isHook": false,
              "skipped": false
            }
          ],
          "suites": [],
          "passes": [
            "8da7a9dc-9299-46ed-9ecf-1a036a9f24b4"
          ],
          "failures": [],
          "pending": [],
          "skipped": [],
          "duration": 18136,
          "root": false,
          "rootEmpty": false,
          "_timeout": 2000
        }
      ],
      "passes": [],
      "failures": [],
      "pending": [],
      "skipped": [],
      "duration": 0,
      "root": true,
      "rootEmpty": true,
      "_timeout": 2000
    }
  ],
  "meta": {
    "mocha": {
      "version": "7.0.1"
    },
    "mochawesome": {
      "options": {
        "quiet": true,
        "reportFilename": "mochawesome",
        "saveHtml": false,
        "saveJson": true,
        "consoleReporter": "spec",
        "useInlineDiffs": false,
        "code": true
      },
      "version": "7.1.3"
    },
    "marge": {
      "options": {
        "id": "default",
        "reportDir": "cypress/reports/mocha",
        "quiet": true,
        "overwrite": false,
        "html": false,
        "json": true
      },
      "version": "6.2.0"
    }
  }
}