{
  "stats": {
    "suites": 1,
    "tests": 1,
    "passes": 1,
    "pending": 0,
    "failures": 0,
    "start": "2025-03-17T07:39:03.201Z",
    "end": "2025-03-17T07:39:17.042Z",
    "duration": 13841,
    "testsRegistered": 1,
    "passPercent": 100,
    "pendingPercent": 0,
    "other": 0,
    "hasOther": false,
    "skipped": 0,
    "hasSkipped": false
  },
  "results": [
    {
      "uuid": "09f44f6c-13ba-437d-9e7c-4edac5e9efe8",
      "title": "",
      "fullFile": "cypress\\e2e\\tc06_aboutus.cy.js",
      "file": "cypress\\e2e\\tc06_aboutus.cy.js",
      "beforeHooks": [],
      "afterHooks": [],
      "tests": [],
      "suites": [
        {
          "uuid": "030eb996-cce1-48b1-8b22-a92e0d45c92a",
          "title": "About Us Page Tests",
          "fullFile": "",
          "file": "",
          "beforeHooks": [],
          "afterHooks": [],
          "tests": [
            {
              "title": "Verify About Us Modal Opens and Closes",
              "fullTitle": "About Us Page Tests Verify About Us Modal Opens and Closes",
              "timedOut": null,
              "duration": 6208,
              "state": "passed",
              "speed": "medium",
              "pass": true,
              "fail": false,
              "pending": false,
              "context": null,
              "code": "_AboutPage.default.openAboutUs();\n_AboutPage.default.closeAboutUs();",
              "err": {},
              "uuid": "3cf2b71d-6a38-41ef-9b36-d0b3d22e6b1c",
              "parentUUID": "030eb996-cce1-48b1-8b22-a92e0d45c92a",
              "isHook": false,
              "skipped": false
            }
          ],
          "suites": [],
          "passes": [
            "3cf2b71d-6a38-41ef-9b36-d0b3d22e6b1c"
          ],
          "failures": [],
          "pending": [],
          "skipped": [],
          "duration": 6208,
          "root": false,
          "rootEmpty": false,
          "_timeout": 2000
        }
      ],
      "passes": [],
      "failures": [],
      "pending": [],
      "skipped": [],
      "duration": 0,
      "root": true,
      "rootEmpty": true,
      "_timeout": 2000
    }
  ],
  "meta": {
    "mocha": {
      "version": "7.0.1"
    },
    "mochawesome": {
      "options": {
        "quiet": true,
        "reportFilename": "mochawesome",
        "saveHtml": false,
        "saveJson": true,
        "consoleReporter": "spec",
        "useInlineDiffs": false,
        "code": true
      },
      "version": "7.1.3"
    },
    "marge": {
      "options": {
        "id": "default",
        "reportDir": "cypress/reports/mocha",
        "quiet": true,
        "overwrite": false,
        "html": false,
        "json": true
      },
      "version": "6.2.0"
    }
  }
}