{
  "stats": {
    "suites": 1,
    "tests": 1,
    "passes": 1,
    "pending": 0,
    "failures": 0,
    "start": "2025-03-17T07:38:13.444Z",
    "end": "2025-03-17T07:38:55.448Z",
    "duration": 42004,
    "testsRegistered": 1,
    "passPercent": 100,
    "pendingPercent": 0,
    "other": 0,
    "hasOther": false,
    "skipped": 0,
    "hasSkipped": false
  },
  "results": [
    {
      "uuid": "6f17e206-ff66-4820-b8bb-8232853e8d50",
      "title": "",
      "fullFile": "cypress\\e2e\\tc05_contact.cy.js",
      "file": "cypress\\e2e\\tc05_contact.cy.js",
      "beforeHooks": [],
      "afterHooks": [],
      "tests": [],
      "suites": [
        {
          "uuid": "14fbbbf7-c796-4c29-8f8f-c194ad91cde2",
          "title": "Contact Us Page Tests",
          "fullFile": "",
          "file": "",
          "beforeHooks": [],
          "afterHooks": [],
          "tests": [
            {
              "title": "Verify Contact Us Form Submission",
              "fullTitle": "Contact Us Page Tests Verify Contact Us Form Submission",
              "timedOut": null,
              "duration": 29157,
              "state": "passed",
              "speed": "slow",
              "pass": true,
              "fail": false,
              "pending": false,
              "context": null,
              "code": "_ContactPage.default.openContactUs();\n_ContactPage.default.fillContactForm(\"ram@gmail.com\", \"Ram\", \"This is a test message.\");\n_ContactPage.default.submitContactForm();",
              "err": {},
              "uuid": "c7309964-c24a-4944-b453-1229298f43af",
              "parentUUID": "14fbbbf7-c796-4c29-8f8f-c194ad91cde2",
              "isHook": false,
              "skipped": false
            }
          ],
          "suites": [],
          "passes": [
            "c7309964-c24a-4944-b453-1229298f43af"
          ],
          "failures": [],
          "pending": [],
          "skipped": [],
          "duration": 29157,
          "root": false,
          "rootEmpty": false,
          "_timeout": 2000
        }
      ],
      "passes": [],
      "failures": [],
      "pending": [],
      "skipped": [],
      "duration": 0,
      "root": true,
      "rootEmpty": true,
      "_timeout": 2000
    }
  ],
  "meta": {
    "mocha": {
      "version": "7.0.1"
    },
    "mochawesome": {
      "options": {
        "quiet": true,
        "reportFilename": "mochawesome",
        "saveHtml": false,
        "saveJson": true,
        "consoleReporter": "spec",
        "useInlineDiffs": false,
        "code": true
      },
      "version": "7.1.3"
    },
    "marge": {
      "options": {
        "id": "default",
        "reportDir": "cypress/reports/mocha",
        "quiet": true,
        "overwrite": false,
        "html": false,
        "json": true
      },
      "version": "6.2.0"
    }
  }
}