{
  "stats": {
    "suites": 6,
    "tests": 6,
    "passes": 5,
    "pending": 0,
    "failures": 1,
    "testsRegistered": 6,
    "passPercent": 83.33333333333333,
    "pendingPercent": 0,
    "other": 0,
    "hasOther": false,
    "skipped": 0,
    "hasSkipped": false,
    "start": "2025-03-17T07:36:02.673Z",
    "end": "2025-03-17T07:39:17.042Z",
    "duration": 194369
  },
  "results": [
    {
      "uuid": "b6e2e746-33d4-4642-8448-ba9f93fb389f",
      "title": "",
      "fullFile": "cypress\\e2e\\tc02_login.cy.js",
      "file": "cypress\\e2e\\tc02_login.cy.js",
      "beforeHooks": [],
      "afterHooks": [],
      "tests": [],
      "suites": [
        {
          "uuid": "e998c7e9-a101-4ffd-a2da-581df3f345f9",
          "title": "Login Tests",
          "fullFile": "",
          "file": "",
          "beforeHooks": [],
          "afterHooks": [],
          "tests": [
            {
              "title": "Login with valid username and password",
              "fullTitle": "Login Tests Login with valid username and password",
              "timedOut": null,
              "duration": 18136,
              "state": "passed",
              "speed": "slow",
              "pass": true,
              "fail": false,
              "pending": false,
              "context": null,
              "code": "_LoginPage.default.login(\"finsurge1\", \"finsurge123\");\ncy.get(\"#logout2\").should(\"be.visible\", {\n  timeout: 5000\n});",
              "err": {},
              "uuid": "8da7a9dc-9299-46ed-9ecf-1a036a9f24b4",
              "parentUUID": "e998c7e9-a101-4ffd-a2da-581df3f345f9",
              "isHook": false,
              "skipped": false
            }
          ],
          "suites": [],
          "passes": [
            "8da7a9dc-9299-46ed-9ecf-1a036a9f24b4"
          ],
          "failures": [],
          "pending": [],
          "skipped": [],
          "duration": 18136,
          "root": false,
          "rootEmpty": false,
          "_timeout": 2000
        }
      ],
      "passes": [],
      "failures": [],
      "pending": [],
      "skipped": [],
      "duration": 0,
      "root": true,
      "rootEmpty": true,
      "_timeout": 2000
    },
    {
      "uuid": "e3693e57-51d1-4118-9df1-edaeeb7bdc54",
      "title": "",
      "fullFile": "cypress\\e2e\\tc03_home.cy.js",
      "file": "cypress\\e2e\\tc03_home.cy.js",
      "beforeHooks": [],
      "afterHooks": [],
      "tests": [],
      "suites": [
        {
          "uuid": "f012e6b0-be51-42a7-8320-14d5b5f109d1",
          "title": "Home Module Test",
          "fullFile": "",
          "file": "",
          "beforeHooks": [],
          "afterHooks": [],
          "tests": [
            {
              "title": "Verify HomePage Load Successfully",
              "fullTitle": "Home Module Test Verify HomePage Load Successfully",
              "timedOut": null,
              "duration": 6259,
              "state": "passed",
              "speed": "medium",
              "pass": true,
              "fail": false,
              "pending": false,
              "context": null,
              "code": "cy.title().should(\"include\", \"STORE\");\n_HomePage.default.verifyNavigationLinks();",
              "err": {},
              "uuid": "23dac350-9998-4015-b5e1-6abf00fc58be",
              "parentUUID": "f012e6b0-be51-42a7-8320-14d5b5f109d1",
              "isHook": false,
              "skipped": false
            }
          ],
          "suites": [],
          "passes": [
            "23dac350-9998-4015-b5e1-6abf00fc58be"
          ],
          "failures": [],
          "pending": [],
          "skipped": [],
          "duration": 6259,
          "root": false,
          "rootEmpty": false,
          "_timeout": 2000
        }
      ],
      "passes": [],
      "failures": [],
      "pending": [],
      "skipped": [],
      "duration": 0,
      "root": true,
      "rootEmpty": true,
      "_timeout": 2000
    },
    {
      "uuid": "67b1db39-c92b-4b63-971d-8eab54bfbdea",
      "title": "",
      "fullFile": "cypress\\e2e\\tc04_cart.cy.js",
      "file": "cypress\\e2e\\tc04_cart.cy.js",
      "beforeHooks": [],
      "afterHooks": [],
      "tests": [],
      "suites": [
        {
          "uuid": "87df3379-0fdb-474f-aaaf-b2044a2e4f9e",
          "title": "Cart Page Test",
          "fullFile": "",
          "file": "",
          "beforeHooks": [],
          "afterHooks": [],
          "tests": [
            {
              "title": "Add product to Cart",
              "fullTitle": "Cart Page Test Add product to Cart",
              "timedOut": null,
              "duration": 18026,
              "state": "failed",
              "speed": null,
              "pass": false,
              "fail": true,
              "pending": false,
              "context": "\"assets/tc04_cart.cy.js/Cart Page Test -- Add product to Cart (failed).png\"",
              "code": "_HomePage.default.selectProduct(\"Samsung galaxy s6\");\n_HomePage.default.addoCart();\n_CartPage.default.verifyAlertMessage(\"Product Added\");\n_CartPage.default.openCart();\n_CartPage.default.elements.productList().should(\"contain.text\", \"Samsung galaxy s6\");",
              "err": {
                "message": "TypeError: _HomePage.default.addoCart is not a function",
                "estack": "TypeError: _HomePage.default.addoCart is not a function\n    at Context.eval (webpack://cypressproject2/./cypress/e2e/tc04_cart.cy.js:13:13)\n    at runnable.fn (https://www.demoblaze.com/__cypress/runner/cypress_runner.js:139094:19)\n    at callFn (https://www.demoblaze.com/__cypress/runner/cypress_runner.js:157690:21)\n    at Runnable.run (https://www.demoblaze.com/__cypress/runner/cypress_runner.js:157677:7)\n    at <unknown> (https://www.demoblaze.com/__cypress/runner/cypress_runner.js:163607:30)\n    at PassThroughHandlerContext.finallyHandler (https://www.demoblaze.com/__cypress/runner/cypress_runner.js:4042:23)\n    at PassThroughHandlerContext.tryCatcher (https://www.demoblaze.com/__cypress/runner/cypress_runner.js:1777:23)\n    at Promise._settlePromiseFromHandler (https://www.demoblaze.com/__cypress/runner/cypress_runner.js:1489:31)\n    at Promise._settlePromise (https://www.demoblaze.com/__cypress/runner/cypress_runner.js:1546:18)",
                "diff": null
              },
              "uuid": "59344546-c562-4d10-90e9-0443fe821608",
              "parentUUID": "87df3379-0fdb-474f-aaaf-b2044a2e4f9e",
              "isHook": false,
              "skipped": false
            }
          ],
          "suites": [],
          "passes": [],
          "failures": [
            "59344546-c562-4d10-90e9-0443fe821608"
          ],
          "pending": [],
          "skipped": [],
          "duration": 18026,
          "root": false,
          "rootEmpty": false,
          "_timeout": 2000
        }
      ],
      "passes": [],
      "failures": [],
      "pending": [],
      "skipped": [],
      "duration": 0,
      "root": true,
      "rootEmpty": true,
      "_timeout": 2000
    },
    {
      "uuid": "6f17e206-ff66-4820-b8bb-8232853e8d50",
      "title": "",
      "fullFile": "cypress\\e2e\\tc05_contact.cy.js",
      "file": "cypress\\e2e\\tc05_contact.cy.js",
      "beforeHooks": [],
      "afterHooks": [],
      "tests": [],
      "suites": [
        {
          "uuid": "14fbbbf7-c796-4c29-8f8f-c194ad91cde2",
          "title": "Contact Us Page Tests",
          "fullFile": "",
          "file": "",
          "beforeHooks": [],
          "afterHooks": [],
          "tests": [
            {
              "title": "Verify Contact Us Form Submission",
              "fullTitle": "Contact Us Page Tests Verify Contact Us Form Submission",
              "timedOut": null,
              "duration": 29157,
              "state": "passed",
              "speed": "slow",
              "pass": true,
              "fail": false,
              "pending": false,
              "context": null,
              "code": "_ContactPage.default.openContactUs();\n_ContactPage.default.fillContactForm(\"ram@gmail.com\", \"Ram\", \"This is a test message.\");\n_ContactPage.default.submitContactForm();",
              "err": {},
              "uuid": "c7309964-c24a-4944-b453-1229298f43af",
              "parentUUID": "14fbbbf7-c796-4c29-8f8f-c194ad91cde2",
              "isHook": false,
              "skipped": false
            }
          ],
          "suites": [],
          "passes": [
            "c7309964-c24a-4944-b453-1229298f43af"
          ],
          "failures": [],
          "pending": [],
          "skipped": [],
          "duration": 29157,
          "root": false,
          "rootEmpty": false,
          "_timeout": 2000
        }
      ],
      "passes": [],
      "failures": [],
      "pending": [],
      "skipped": [],
      "duration": 0,
      "root": true,
      "rootEmpty": true,
      "_timeout": 2000
    },
    {
      "uuid": "09f44f6c-13ba-437d-9e7c-4edac5e9efe8",
      "title": "",
      "fullFile": "cypress\\e2e\\tc06_aboutus.cy.js",
      "file": "cypress\\e2e\\tc06_aboutus.cy.js",
      "beforeHooks": [],
      "afterHooks": [],
      "tests": [],
      "suites": [
        {
          "uuid": "030eb996-cce1-48b1-8b22-a92e0d45c92a",
          "title": "About Us Page Tests",
          "fullFile": "",
          "file": "",
          "beforeHooks": [],
          "afterHooks": [],
          "tests": [
            {
              "title": "Verify About Us Modal Opens and Closes",
              "fullTitle": "About Us Page Tests Verify About Us Modal Opens and Closes",
              "timedOut": null,
              "duration": 6208,
              "state": "passed",
              "speed": "medium",
              "pass": true,
              "fail": false,
              "pending": false,
              "context": null,
              "code": "_AboutPage.default.openAboutUs();\n_AboutPage.default.closeAboutUs();",
              "err": {},
              "uuid": "3cf2b71d-6a38-41ef-9b36-d0b3d22e6b1c",
              "parentUUID": "030eb996-cce1-48b1-8b22-a92e0d45c92a",
              "isHook": false,
              "skipped": false
            }
          ],
          "suites": [],
          "passes": [
            "3cf2b71d-6a38-41ef-9b36-d0b3d22e6b1c"
          ],
          "failures": [],
          "pending": [],
          "skipped": [],
          "duration": 6208,
          "root": false,
          "rootEmpty": false,
          "_timeout": 2000
        }
      ],
      "passes": [],
      "failures": [],
      "pending": [],
      "skipped": [],
      "duration": 0,
      "root": true,
      "rootEmpty": true,
      "_timeout": 2000
    },
    {
      "uuid": "2d67b0cc-e59f-471c-83bb-aea5208c7439",
      "title": "",
      "fullFile": "cypress\\e2e\\tc01_signup.cy.js",
      "file": "cypress\\e2e\\tc01_signup.cy.js",
      "beforeHooks": [],
      "afterHooks": [],
      "tests": [],
      "suites": [
        {
          "uuid": "f39ee8b1-1204-4b97-9eed-4cc056e1f6fe",
          "title": "Signup Tests",
          "fullFile": "",
          "file": "",
          "beforeHooks": [],
          "afterHooks": [],
          "tests": [
            {
              "title": "Signup with Unique Username and password",
              "fullTitle": "Signup Tests Signup with Unique Username and password",
              "timedOut": null,
              "duration": 7726,
              "state": "passed",
              "speed": "medium",
              "pass": true,
              "fail": false,
              "pending": false,
              "context": null,
              "code": "const randomUsername = `testUser${Math.floor(Math.random() * 1000)}`;\n_SignupPage.default.signup(randomUsername, \"finsurge123\");\n_SignupPage.default.verifyAlertMessage(\"Sign up successful.\");",
              "err": {},
              "uuid": "562c937a-54f2-42db-b075-48400a91d374",
              "parentUUID": "f39ee8b1-1204-4b97-9eed-4cc056e1f6fe",
              "isHook": false,
              "skipped": false
            }
          ],
          "suites": [],
          "passes": [
            "562c937a-54f2-42db-b075-48400a91d374"
          ],
          "failures": [],
          "pending": [],
          "skipped": [],
          "duration": 7726,
          "root": false,
          "rootEmpty": false,
          "_timeout": 2000
        }
      ],
      "passes": [],
      "failures": [],
      "pending": [],
      "skipped": [],
      "duration": 0,
      "root": true,
      "rootEmpty": true,
      "_timeout": 2000
    }
  ],
  "meta": {
    "mocha": {
      "version": "7.0.1"
    },
    "mochawesome": {
      "options": {
        "quiet": true,
        "reportFilename": "mochawesome",
        "saveHtml": false,
        "saveJson": true,
        "consoleReporter": "spec",
        "useInlineDiffs": false,
        "code": true
      },
      "version": "7.1.3"
    },
    "marge": {
      "options": {
        "id": "default",
        "reportDir": "cypress/reports/mocha",
        "quiet": true,
        "overwrite": false,
        "html": false,
        "json": true
      },
      "version": "6.2.0"
    }
  }
}